     1                                  %include "st_io.inc"
     1                              <1> ;; File stud_io.inc for Linux O.S.
     2                              <1> ;; Copyright (c) Andrey Vikt. Stolyarov, 2009.
     3                              <1> ;; I, the author, hereby grant everyone the right to use this
     4                              <1> ;; file for any purpose, in any manner, in it's original or
     5                              <1> ;; modified form, provided that any modified versions are
     6                              <1> ;; clearly marked as such.
     7                              <1> ;; file changed, macros added (by Divari I.N.,
     8                              <1> ;; Department of computer science, MIPT, 2019-2020) 
     9                              <1> 
    10                              <1> ;;;;;;;;;;;;;;;;;;;;;;;;;;;;;;;;;;;;;;;;;;;;;;;;;;;;;;;;;;;;;;;;;
    11                              <1> ;; system dependend part
    12                              <1> 
    13                              <1> ; generic 3-param syscall
    14                              <1> %macro _syscall_3 4
    15                              <1> 	push edx
    16                              <1> 	push ecx
    17                              <1> 	push ebx ; it is senseless to save eax as it holds the return
    18                              <1> 	push %1
    19                              <1> 	push %2
    20                              <1> 	push %3
    21                              <1> 	push %4
    22                              <1> 	pop edx
    23                              <1> 	pop ecx
    24                              <1> 	pop ebx
    25                              <1> 	pop eax 
    26                              <1> 	int 0x80
    27                              <1> 	pop ebx
    28                              <1> 	pop ecx
    29                              <1> 	pop edx
    30                              <1> %endmacro
    31                              <1> 
    32                              <1> ; syscall_exit is the only syscall we use that has 1 parameter
    33                              <1> %macro _syscall_exit 1
    34                              <1> 	mov ebx, %1	; exit code
    35                              <1> 	mov eax, 1	; 1 = sys_exit
    36                              <1> 	int 0x80
    37                              <1> %endmacro
    38                              <1> 
    39                              <1> ;; system dependent part ends here
    40                              <1> ;;;;;;;;;;;;;;;;;;;;;;;;;;;;;;;;;;;;;;;;;;;;;;;;;;;;;;;;;;;;;;;;;
    41                              <1> 
    42                              <1> ; %1: descriptor   %2: buffer addr   %3: buffer length 
    43                              <1> ; output: eax: read bytes
    44                              <1> %macro _syscall_read 3
    45                              <1> 	_syscall_3 3,%1,%2,%3
    46                              <1> %endmacro
    47                              <1> 
    48                              <1> ; %1: descriptor   %2: buffer addr   %3: buffer length 
    49                              <1> ; output: eax: written bytes
    50                              <1> %macro _syscall_write 3
    51                              <1> 	_syscall_3 4,%1,%2,%3
    52                              <1> %endmacro
    53                              <1> 
    54                              <1> ;;;;;;;;;;;;;;;;;;;;;;;;;;;;;;;;;;
    55                              <1> %macro 	PRINT 1
    56                              <1> 	pusha
    57                              <1> 	pushf
    58                              <1> 	jmp %%astr
    59                              <1> %%str	db	%1, 0
    60                              <1> %%strln	equ	$-%%str
    61                              <1> %%astr:	_syscall_write 1, %%str, %%strln
    62                              <1> 	popf
    63                              <1> 	popa
    64                              <1> %endmacro
    65                              <1> 
    66                              <1> ;;;;;;;;;;;;;;;;;;;;;;;;;;;;;;;;;;
    67                              <1> %macro	PUTCHAR 1
    68                              <1> 	pusha
    69                              <1> 	pushf
    70                              <1> %ifstr %1
    71                              <1> 	mov	al, %1
    72                              <1> %elifnum %1
    73                              <1> 	mov	al, %1
    74                              <1> %elifidni %1,al
    75                              <1> 	nop
    76                              <1> %elifidni %1,ah
    77                              <1> 	mov	al, ah
    78                              <1> %elifidni %1,bl
    79                              <1> 	mov	al, bl
    80                              <1> %elifidni %1,bh
    81                              <1> 	mov	al, bh
    82                              <1> %elifidni %1,cl
    83                              <1> 	mov	al, cl
    84                              <1> %elifidni %1,ch
    85                              <1> 	mov	al, ch
    86                              <1> %elifidni %1,dl
    87                              <1> 	mov	al, dl
    88                              <1> %elifidni %1,dh
    89                              <1> 	mov	al, dh
    90                              <1> %else
    91                              <1> 	mov	al, %1  ; let's hope it is a memory location such as [var]
    92                              <1> %endif
    93                              <1> 	sub	esp, 2  ; reserve memory for buffer
    94                              <1> 	mov	edi, esp
    95                              <1> 	mov	[edi], al
    96                              <1> 	_syscall_write 1, edi, 1
    97                              <1> 	add	esp, 2
    98                              <1> 	popf
    99                              <1> 	popa
   100                              <1> %endmacro
   101                              <1> 
   102                              <1> ;;;;;;;;;;;;;;;;;;;;;;;;;;;;;;;;;;
   103                              <1> %macro	GETCHAR 0
   104                              <1> 	pushf
   105                              <1> 	push	edi
   106                              <1> 	sub	esp, 2
   107                              <1> 	mov	edi, esp
   108                              <1> 	_syscall_read 0, edi, 1
   109                              <1> 	cmp	eax, 1
   110                              <1> 	jne	%%eof_reached
   111                              <1> 	xor	eax,eax
   112                              <1> 	mov	al, [edi]
   113                              <1> 	jmp	%%gcquit
   114                              <1> %%eof_reached:
   115                              <1> 	xor	eax, eax
   116                              <1> 	not	eax 		; eax := -1
   117                              <1> %%gcquit:
   118                              <1> 	add	esp, 2
   119                              <1> 	pop	edi
   120                              <1> 	popf
   121                              <1> %endmacro
   122                              <1> 
   123                              <1> ;;;;;;;;;;;;;;;;;;;;;;;;;;;;;;;;;;
   124                              <1> %macro FINISH 0-1 0
   125                              <1> 	_syscall_exit %1
   126                              <1> %endmacro
   127                              <1> ;;;;;;;;;;;;;;;;;;;;;;;;;;;;;;;;;
   128                              <1> %macro UNSINT 1
   129                              <1> pusha
   130                              <1> pushf
   131                              <1> push dword %1
   132                              <1> pop eax
   133                              <1> mov edi,eax
   134                              <1> mov esi,10
   135                              <1>   xor ebx,ebx
   136                              <1> %%m1:
   137                              <1>    xor edx,edx
   138                              <1>    div esi
   139                              <1>    inc ebx
   140                              <1>    cmp eax,0
   141                              <1>    jne %%m1
   142                              <1>     
   143                              <1>    mov eax,1
   144                              <1>    mov ecx,ebx
   145                              <1>    dec ecx
   146                              <1> ;;;;;;;;;;;;;;;;;;;;;;;;;;;;;;
   147                              <1>     cmp ecx,0
   148                              <1>      je %%m4
   149                              <1> %%m2:  mul esi
   150                              <1>        loop %%m2
   151                              <1> 
   152                              <1>        mov ebx,eax
   153                              <1> 
   154                              <1> %%m3:       
   155                              <1>       mov eax,edi 
   156                              <1>       xor edx,edx 
   157                              <1>       div ebx
   158                              <1>       add al,'0'
   159                              <1>       PUTCHAR al
   160                              <1>       mov edi,edx
   161                              <1>       xor edx,edx
   162                              <1>       mov eax,ebx
   163                              <1>       div esi
   164                              <1>       cmp eax,1
   165                              <1>       je %%m4
   166                              <1>       mov ebx,eax
   167                              <1>       jmp %%m3
   168                              <1>  %%m4:      
   169                              <1>       mov edx,edi
   170                              <1>       add dl,'0'
   171                              <1>       PUTCHAR dl
   172                              <1>        
   173                              <1>   
   174                              <1> popf
   175                              <1> popa
   176                              <1> %endmacro
   177                              <1> ;;;;;;;;;;;;;;;;;;;;;;;;;;;;;;;;
   178                              <1> %macro SIGNINT 1
   179                              <1> pusha
   180                              <1> pushf
   181                              <1> push dword %1
   182                              <1> pop eax
   183                              <1>     cmp eax,0
   184                              <1>     jge %%m5
   185                              <1>     PUTCHAR '-'
   186                              <1>     neg eax
   187                              <1> %%m5:
   188                              <1>       UNSINT eax
   189                              <1> popf
   190                              <1> popa
   191                              <1> %endmacro
   192                              <1> ;;;;;;;;;;;;;;;;;;;;;;;;;;;;;;;;;;;;;;;;;;;;
   193                              <1> %macro GETUN 1
   194                              <1> pushad
   195                              <1> pushfd
   196                              <1> ;;;;;;;;;;;;;;;;;;;;;;
   197                              <1> xor edi,edi
   198                              <1> xor esi,esi
   199                              <1> %%m1:
   200                              <1> GETCHAR
   201                              <1> cmp al,0xA
   202                              <1> je %%m2
   203                              <1> cmp al,'0'
   204                              <1> jb %%m_err
   205                              <1> cmp al,'9'
   206                              <1> ja %%m_err
   207                              <1> inc edi
   208                              <1> xor ecx,ecx
   209                              <1> mov cl,al
   210                              <1> mov eax,esi
   211                              <1> mov ebx,10
   212                              <1> mul ebx
   213                              <1> sub cl,48
   214                              <1> add eax,ecx
   215                              <1> jc %%m3
   216                              <1> mov esi,eax
   217                              <1> jmp %%m1
   218                              <1> %%m2: 
   219                              <1> cmp edi,0
   220                              <1> je %%m1
   221                              <1> jmp %%m4
   222                              <1> %%m3: PRINT "too big number"
   223                              <1> PUTCHAR 10
   224                              <1> jmp %%m4
   225                              <1> %%m_err: PRINT "ERROR!!!"
   226                              <1> PUTCHAR 0xa
   227                              <1> %%m4:
   228                              <1> ;;;;;;;;;;;;;;;;;;
   229                              <1> push esi
   230                              <1> add esp,4
   231                              <1> popfd
   232                              <1> popad
   233                              <1> sub esp,40
   234                              <1> pop dword %1
   235                              <1> add esp,36
   236                              <1> %endmacro
   237                              <1> ;;;;;;;;;;;;;;;;;;;;;;;;;;;;;;;;;;;;;;;;;;;;
   238                              <1> %macro GETSIG 1
   239                              <1> pushad
   240                              <1> pushfd
   241                              <1> ;;;;;;;;;;;;;;;;;;;;;;;;;;;;;;;;;
   242                              <1> xor edi,edi
   243                              <1> xor esi,esi
   244                              <1> mov ebx,10
   245                              <1> %%m_st1: GETCHAR
   246                              <1> cmp al,0xa
   247                              <1> je %%m_st1
   248                              <1> cmp al,'-'
   249                              <1> jne %%s1
   250                              <1> mov ebx,-10
   251                              <1> push ebx
   252                              <1> GETCHAR
   253                              <1> cmp al,0xa
   254                              <1> je %%m_err
   255                              <1> jmp %%m_st21
   256                              <1> %%s1: push ebx 
   257                              <1> cmp al,'+'
   258                              <1> jne %%m_st21
   259                              <1> GETCHAR 
   260                              <1> cmp al,0xa
   261                              <1> je %%m_err
   262                              <1> jmp %%m_st21
   263                              <1> %%m_st2: GETCHAR
   264                              <1> %%m_st21:  cmp al,0xa
   265                              <1> je %%pr_end
   266                              <1> cmp al,'0'
   267                              <1> jb %%m_err
   268                              <1> cmp al,'9'
   269                              <1> ja %%m_err
   270                              <1> inc edi
   271                              <1> xor ecx,ecx
   272                              <1> mov cl,al
   273                              <1> mov eax,esi
   274                              <1> imul ebx
   275                              <1> sub cl,48
   276                              <1> cmp dword[esp],-10
   277                              <1> je %%j_s
   278                              <1> add eax,ecx
   279                              <1> jmp %%j_per
   280                              <1> %%j_s: sub eax,ecx
   281                              <1> %%j_per: jo %%m_b
   282                              <1> mov esi,eax
   283                              <1> cmp dword[esp],-10
   284                              <1> jne %%m_st2
   285                              <1> neg esi
   286                              <1> jmp %%m_st2
   287                              <1> %%pr_end:  cmp edi,0
   288                              <1> je %%m_st2
   289                              <1> jmp %%m_k
   290                              <1> ;;;;;;;;;
   291                              <1> %%m_err: pop ebx 
   292                              <1> PRINT "ERROR"
   293                              <1> PUTCHAR 0xa
   294                              <1> jmp %%m_end
   295                              <1> %%m_b: pop ebx 
   296                              <1> cmp ebx,-10
   297                              <1> je  %%m_l
   298                              <1> PRINT "too big"
   299                              <1> PUTCHAR 0xa
   300                              <1> jmp %%m_end
   301                              <1> %%m_l: PRINT "too less"
   302                              <1> PUTCHAR 0xa
   303                              <1> jmp %%m_end
   304                              <1> %%m_k: pop ebx
   305                              <1> cmp ebx,-10
   306                              <1> jne %%m_p
   307                              <1> neg esi 
   308                              <1> %%m_p: 
   309                              <1> 
   310                              <1> ;;;;;;;;;;;;;;;;;;;;;;;;;;;;;;;;;
   311                              <1> 
   312                              <1> push esi
   313                              <1> add esp,4
   314                              <1> popfd
   315                              <1> popad
   316                              <1> sub esp,40
   317                              <1> pop dword %1
   318                              <1> add esp,36
   319                              <1> jmp %%mm_e
   320                              <1> %%m_end:
   321                              <1> popfd
   322                              <1> popad
   323                              <1> %%mm_e:
   324                              <1> %endmacro
   325                              <1> 
   326                              <1> 
   327                              <1> 
   328                              <1> 
     2                                  global _start
     3                                  section .text
     4                                  _start:
     5 00000000 E9D9000000              jmp L1
     6                                  L2:
     7 00000005 B804000000              mov eax, 4; Вывод msgt
     8 0000000A BB01000000              mov ebx, 1
     9 0000000F B9[00000000]            mov ecx, msgt
    10 00000014 BA06000000              mov edx, msgtl
    11 00000019 CD80                    int 0x80
    12 0000001B B80A000000              mov eax, 10
    13                                  UNSINT eax
    13 00000020 60                  <1> pusha
    13 00000021 9C                  <1> pushf
    13 00000022 50                  <1> push dword %1
    13 00000023 58                  <1> pop eax
    13 00000024 89C7                <1> mov edi,eax
    13 00000026 BE0A000000          <1> mov esi,10
    13 0000002B 31DB                <1>  xor ebx,ebx
    13                              <1> %%m1:
    13 0000002D 31D2                <1>  xor edx,edx
    13 0000002F F7F6                <1>  div esi
    13 00000031 43                  <1>  inc ebx
    13 00000032 83F800              <1>  cmp eax,0
    13 00000035 75F6                <1>  jne %%m1
    13                              <1> 
    13 00000037 B801000000          <1>  mov eax,1
    13 0000003C 89D9                <1>  mov ecx,ebx
    13 0000003E 49                  <1>  dec ecx
    13                              <1> 
    13 0000003F 83F900              <1>  cmp ecx,0
    13 00000042 7441                <1>  je %%m4
    13 00000044 F7E6                <1> %%m2: mul esi
    13 00000046 E2FC                <1>  loop %%m2
    13                              <1> 
    13 00000048 89C3                <1>  mov ebx,eax
    13                              <1> 
    13                              <1> %%m3:
    13 0000004A 89F8                <1>  mov eax,edi
    13 0000004C 31D2                <1>  xor edx,edx
    13 0000004E F7F3                <1>  div ebx
    13 00000050 0430                <1>  add al,'0'
    13                              <1>  PUTCHAR al
    13 00000052 60                  <2>  pusha
    13 00000053 9C                  <2>  pushf
    13                              <2> %ifstr %1
    13                              <2>  mov al, %1
    13                              <2> %elifnum %1
    13                              <2>  mov al, %1
    13                              <2> %elifidni %1,al
    13 00000054 90                  <2>  nop
    13                              <2> %elifidni %1,ah
    13                              <2>  mov al, ah
    13                              <2> %elifidni %1,bl
    13                              <2>  mov al, bl
    13                              <2> %elifidni %1,bh
    13                              <2>  mov al, bh
    13                              <2> %elifidni %1,cl
    13                              <2>  mov al, cl
    13                              <2> %elifidni %1,ch
    13                              <2>  mov al, ch
    13                              <2> %elifidni %1,dl
    13                              <2>  mov al, dl
    13                              <2> %elifidni %1,dh
    13                              <2>  mov al, dh
    13                              <2> %else
    13                              <2>  mov al, %1
    13                              <2> %endif
    13 00000055 83EC02              <2>  sub esp, 2
    13 00000058 89E7                <2>  mov edi, esp
    13 0000005A 8807                <2>  mov [edi], al
    13                              <2>  _syscall_write 1, edi, 1
    13                              <3>  _syscall_3 4,%1,%2,%3
    13 0000005C 52                  <4>  push edx
    13 0000005D 51                  <4>  push ecx
    13 0000005E 53                  <4>  push ebx
    13 0000005F 6A04                <4>  push %1
    13 00000061 6A01                <4>  push %2
    13 00000063 57                  <4>  push %3
    13 00000064 6A01                <4>  push %4
    13 00000066 5A                  <4>  pop edx
    13 00000067 59                  <4>  pop ecx
    13 00000068 5B                  <4>  pop ebx
    13 00000069 58                  <4>  pop eax
    13 0000006A CD80                <4>  int 0x80
    13 0000006C 5B                  <4>  pop ebx
    13 0000006D 59                  <4>  pop ecx
    13 0000006E 5A                  <4>  pop edx
    13 0000006F 83C402              <2>  add esp, 2
    13 00000072 9D                  <2>  popf
    13 00000073 61                  <2>  popa
    13 00000074 89D7                <1>  mov edi,edx
    13 00000076 31D2                <1>  xor edx,edx
    13 00000078 89D8                <1>  mov eax,ebx
    13 0000007A F7F6                <1>  div esi
    13 0000007C 83F801              <1>  cmp eax,1
    13 0000007F 7404                <1>  je %%m4
    13 00000081 89C3                <1>  mov ebx,eax
    13 00000083 EBC5                <1>  jmp %%m3
    13                              <1>  %%m4:
    13 00000085 89FA                <1>  mov edx,edi
    13 00000087 80C230              <1>  add dl,'0'
    13                              <1>  PUTCHAR dl
    13 0000008A 60                  <2>  pusha
    13 0000008B 9C                  <2>  pushf
    13                              <2> %ifstr %1
    13                              <2>  mov al, %1
    13                              <2> %elifnum %1
    13                              <2>  mov al, %1
    13                              <2> %elifidni %1,al
    13                              <2>  nop
    13                              <2> %elifidni %1,ah
    13                              <2>  mov al, ah
    13                              <2> %elifidni %1,bl
    13                              <2>  mov al, bl
    13                              <2> %elifidni %1,bh
    13                              <2>  mov al, bh
    13                              <2> %elifidni %1,cl
    13                              <2>  mov al, cl
    13                              <2> %elifidni %1,ch
    13                              <2>  mov al, ch
    13                              <2> %elifidni %1,dl
    13 0000008C 88D0                <2>  mov al, dl
    13                              <2> %elifidni %1,dh
    13                              <2>  mov al, dh
    13                              <2> %else
    13                              <2>  mov al, %1
    13                              <2> %endif
    13 0000008E 83EC02              <2>  sub esp, 2
    13 00000091 89E7                <2>  mov edi, esp
    13 00000093 8807                <2>  mov [edi], al
    13                              <2>  _syscall_write 1, edi, 1
    13                              <3>  _syscall_3 4,%1,%2,%3
    13 00000095 52                  <4>  push edx
    13 00000096 51                  <4>  push ecx
    13 00000097 53                  <4>  push ebx
    13 00000098 6A04                <4>  push %1
    13 0000009A 6A01                <4>  push %2
    13 0000009C 57                  <4>  push %3
    13 0000009D 6A01                <4>  push %4
    13 0000009F 5A                  <4>  pop edx
    13 000000A0 59                  <4>  pop ecx
    13 000000A1 5B                  <4>  pop ebx
    13 000000A2 58                  <4>  pop eax
    13 000000A3 CD80                <4>  int 0x80
    13 000000A5 5B                  <4>  pop ebx
    13 000000A6 59                  <4>  pop ecx
    13 000000A7 5A                  <4>  pop edx
    13 000000A8 83C402              <2>  add esp, 2
    13 000000AB 9D                  <2>  popf
    13 000000AC 61                  <2>  popa
    13                              <1> 
    13                              <1> 
    13 000000AD 9D                  <1> popf
    13 000000AE 61                  <1> popa
    14                                  PUTCHAR 0xA
    14 000000AF 60                  <1>  pusha
    14 000000B0 9C                  <1>  pushf
    14                              <1> %ifstr %1
    14                              <1>  mov al, %1
    14                              <1> %elifnum %1
    14 000000B1 B00A                <1>  mov al, %1
    14                              <1> %elifidni %1,al
    14                              <1>  nop
    14                              <1> %elifidni %1,ah
    14                              <1>  mov al, ah
    14                              <1> %elifidni %1,bl
    14                              <1>  mov al, bl
    14                              <1> %elifidni %1,bh
    14                              <1>  mov al, bh
    14                              <1> %elifidni %1,cl
    14                              <1>  mov al, cl
    14                              <1> %elifidni %1,ch
    14                              <1>  mov al, ch
    14                              <1> %elifidni %1,dl
    14                              <1>  mov al, dl
    14                              <1> %elifidni %1,dh
    14                              <1>  mov al, dh
    14                              <1> %else
    14                              <1>  mov al, %1
    14                              <1> %endif
    14 000000B3 83EC02              <1>  sub esp, 2
    14 000000B6 89E7                <1>  mov edi, esp
    14 000000B8 8807                <1>  mov [edi], al
    14                              <1>  _syscall_write 1, edi, 1
    14                              <2>  _syscall_3 4,%1,%2,%3
    14 000000BA 52                  <3>  push edx
    14 000000BB 51                  <3>  push ecx
    14 000000BC 53                  <3>  push ebx
    14 000000BD 6A04                <3>  push %1
    14 000000BF 6A01                <3>  push %2
    14 000000C1 57                  <3>  push %3
    14 000000C2 6A01                <3>  push %4
    14 000000C4 5A                  <3>  pop edx
    14 000000C5 59                  <3>  pop ecx
    14 000000C6 5B                  <3>  pop ebx
    14 000000C7 58                  <3>  pop eax
    14 000000C8 CD80                <3>  int 0x80
    14 000000CA 5B                  <3>  pop ebx
    14 000000CB 59                  <3>  pop ecx
    14 000000CC 5A                  <3>  pop edx
    14 000000CD 83C402              <1>  add esp, 2
    14 000000D0 9D                  <1>  popf
    14 000000D1 61                  <1>  popa
    15 000000D2 B801000000              mov eax, 1; Завершение работы программы
    16 000000D7 BB00000000              mov ebx, 0
    17 000000DC CD80                    int 0x80
    18                                  L1:
    19 000000DE E922FFFFFF              jmp L2
    20                                  section .data
    21 00000000 4D495054000A            msgt db 'MIPT', 0, 0xA
    22                                  msgtl equ $-msgt
